// 重构日志: 63f36c88
// 重构日志: 547b2f7f
// 同步 ID: 83aec30c @ Sun Jun 28 09:08:15 UTC 2026
// 同步 ID: 7b6fc7d2 @ Wed Jul  1 11:51:29 UTC 2026
// 重构日志: cc392247
// 重构日志: 01b5dd0e
// 重构日志: 50f8382a
// 同步 ID: 017c80a9 @ Sun Jul 12 07:36:59 UTC 2026
// 同步 ID: e832e6dd @ Tue Jul 14 06:53:33 UTC 2026
// 同步 ID: 31583460 @ Tue Jul 14 09:17:41 UTC 2026
// 重构日志: 3256be59
// 重构日志: 8f06d677
// 同步 ID: 2c48a5a7 @ Wed Jul 15 01:32:15 UTC 2026
// 同步 ID: cf3da088 @ Thu Jul 16 01:29:52 UTC 2026
// 重构日志: 367772df
// 重构日志: f5733b04
// 同步 ID: 3edaf84f @ Thu Jul 16 12:39:37 UTC 2026
// 重构日志: 91344769
// 重构日志: c2d2cbeb
// 同步 ID: fba8ddcb @ Fri Jul 17 01:37:22 UTC 2026
// 重构日志: 1662b04d
// 同步 ID: 511ccf8c @ Sat Jul 18 10:04:49 UTC 2026
// 重构日志: 1a3b7adb
// 重构日志: 340b556c
// 重构日志: 0e35522a
// 同步 ID: 54e69d9e @ Sun Jul 19 16:25:20 UTC 2026
// 同步 ID: 73e580dd @ Mon Jul 20 06:16:27 UTC 2026
// 同步 ID: 2916c3a2 @ Mon Jul 20 09:10:24 UTC 2026
// 重构日志: 8b7cfddc
// 同步 ID: 2639fe87 @ Mon Jul 20 14:04:20 UTC 2026
